<?xml version="1.0" encoding="UTF-8"?>
<!-- Generated by org.testng.reporters.JUnitXMLReporter -->
<testsuite hostname="DESKTOP-QNHJ5Q7" name="EdgeTest" tests="1" failures="0" timestamp="8 Dec 2022 07:04:51 GMT" time="7.24" errors="0">
  <testcase name="@BeforeTest launchApp" time="0.0" classname="testNG.Logintest">
    <failure type="java.lang.NullPointerException">
      <![CDATA[java.lang.NullPointerException
	at utility.readConfig.appURL(readConfig.java:22)
	at testNG.BaseTest.launchApp(BaseTest.java:60)
... Removed 22 stack frames]]>
    </failure>
  </testcase> <!-- @BeforeTest launchApp -->
  <testcase name="@AfterTest closeApp" time="0.0" classname="testNG.Logintest">
    <skipped/>
  </testcase> <!-- @AfterTest closeApp -->
  <testcase name="verifyLogin" time="0.0" classname="testNG.Logintest">
    <skipped/>
  </testcase> <!-- verifyLogin -->
</testsuite> <!-- EdgeTest -->
