<?xml version="1.0" encoding="UTF-8"?>
<testng-results skipped="0" failed="0" ignored="0" total="1" passed="1">
  <reporter-output>
  </reporter-output>
  <suite name="Suite" duration-ms="191771" started-at="2022-12-08T04:57:03 PST" finished-at="2022-12-08T05:00:15 PST">
    <groups>
    </groups>
    <test name="Test" duration-ms="191771" started-at="2022-12-08T04:57:03 PST" finished-at="2022-12-08T05:00:15 PST">
      <class name="ExcelFileExample.RegisterStudentExcelTest">
        <test-method status="PASS" signature="RegistrationDataDrivernTest()[pri:0, instance:ExcelFileExample.RegisterStudentExcelTest@25af5db5]" name="RegistrationDataDrivernTest" duration-ms="191729" started-at="2022-12-08T04:57:03 PST" finished-at="2022-12-08T05:00:15 PST">
          <reporter-output>
          </reporter-output>
        </test-method> <!-- RegistrationDataDrivernTest -->
      </class> <!-- ExcelFileExample.RegisterStudentExcelTest -->
    </test> <!-- Test -->
  </suite> <!-- Suite -->
</testng-results>
