<?xml version="1.0" encoding="UTF-8"?>
<testng-results skipped="2" failed="0" total="2" passed="0">
  <reporter-output>
  </reporter-output>
  <suite name="Suite" duration-ms="13132" started-at="2022-12-08T07:04:38Z" finished-at="2022-12-08T07:04:51Z">
    <groups>
    </groups>
    <test name="Test" duration-ms="5613" started-at="2022-12-08T07:04:38Z" finished-at="2022-12-08T07:04:44Z">
      <class name="testNG.Logintest">
        <test-method status="FAIL" signature="launchApp(java.lang.String)[pri:0, instance:testNG.Logintest@143640d5]" name="launchApp" is-config="true" duration-ms="0" started-at="2022-12-07T23:04:38Z" finished-at="2022-12-07T23:04:38Z">
          <params>
            <param index="0">
              <value>
                <![CDATA[chrome]]>
              </value>
            </param>
          </params>
          <exception class="java.lang.NullPointerException">
            <full-stacktrace>
              <![CDATA[java.lang.NullPointerException
	at utility.readConfig.appURL(readConfig.java:22)
	at testNG.BaseTest.launchApp(BaseTest.java:60)
	at sun.reflect.NativeMethodAccessorImpl.invoke0(Native Method)
	at sun.reflect.NativeMethodAccessorImpl.invoke(Unknown Source)
	at sun.reflect.DelegatingMethodAccessorImpl.invoke(Unknown Source)
	at java.lang.reflect.Method.invoke(Unknown Source)
	at org.testng.internal.MethodInvocationHelper.invokeMethod(MethodInvocationHelper.java:86)
	at org.testng.internal.Invoker.invokeConfigurationMethod(Invoker.java:514)
	at org.testng.internal.Invoker.invokeConfigurations(Invoker.java:215)
	at org.testng.internal.Invoker.invokeConfigurations(Invoker.java:142)
	at org.testng.TestRunner.beforeRun(TestRunner.java:656)
	at org.testng.TestRunner.run(TestRunner.java:624)
	at org.testng.SuiteRunner.runTest(SuiteRunner.java:366)
	at org.testng.SuiteRunner.runSequentially(SuiteRunner.java:361)
	at org.testng.SuiteRunner.privateRun(SuiteRunner.java:319)
	at org.testng.SuiteRunner.run(SuiteRunner.java:268)
	at org.testng.SuiteRunnerWorker.runSuite(SuiteRunnerWorker.java:52)
	at org.testng.SuiteRunnerWorker.run(SuiteRunnerWorker.java:86)
	at org.testng.TestNG.runSuitesSequentially(TestNG.java:1244)
	at org.testng.TestNG.runSuitesLocally(TestNG.java:1169)
	at org.testng.TestNG.run(TestNG.java:1064)
	at org.testng.remote.RemoteTestNG.run(RemoteTestNG.java:113)
	at org.testng.remote.RemoteTestNG.initAndRun(RemoteTestNG.java:206)
	at org.testng.remote.RemoteTestNG.main(RemoteTestNG.java:177)
]]>
            </full-stacktrace>
          </exception> <!-- java.lang.NullPointerException -->
          <reporter-output>
          </reporter-output>
        </test-method> <!-- launchApp -->
        <test-method status="SKIP" signature="verifyLogin()[pri:0, instance:testNG.Logintest@143640d5]" name="verifyLogin" duration-ms="2" started-at="2022-12-07T23:04:44Z" finished-at="2022-12-07T23:04:44Z">
          <reporter-output>
          </reporter-output>
        </test-method> <!-- verifyLogin -->
        <test-method status="SKIP" signature="closeApp()[pri:0, instance:testNG.Logintest@143640d5]" name="closeApp" is-config="true" duration-ms="0" started-at="2022-12-07T23:04:44Z" finished-at="2022-12-07T23:04:44Z">
          <reporter-output>
          </reporter-output>
        </test-method> <!-- closeApp -->
      </class> <!-- testNG.Logintest -->
    </test> <!-- Test -->
    <test name="EdgeTest" duration-ms="7240" started-at="2022-12-08T07:04:44Z" finished-at="2022-12-08T07:04:51Z">
      <class name="testNG.Logintest">
        <test-method status="FAIL" signature="launchApp(java.lang.String)[pri:0, instance:testNG.Logintest@19d37183]" name="launchApp" is-config="true" duration-ms="0" started-at="2022-12-07T23:04:44Z" finished-at="2022-12-07T23:04:44Z">
          <params>
            <param index="0">
              <value>
                <![CDATA[edge]]>
              </value>
            </param>
          </params>
          <exception class="java.lang.NullPointerException">
            <full-stacktrace>
              <![CDATA[java.lang.NullPointerException
	at utility.readConfig.appURL(readConfig.java:22)
	at testNG.BaseTest.launchApp(BaseTest.java:60)
	at sun.reflect.NativeMethodAccessorImpl.invoke0(Native Method)
	at sun.reflect.NativeMethodAccessorImpl.invoke(Unknown Source)
	at sun.reflect.DelegatingMethodAccessorImpl.invoke(Unknown Source)
	at java.lang.reflect.Method.invoke(Unknown Source)
	at org.testng.internal.MethodInvocationHelper.invokeMethod(MethodInvocationHelper.java:86)
	at org.testng.internal.Invoker.invokeConfigurationMethod(Invoker.java:514)
	at org.testng.internal.Invoker.invokeConfigurations(Invoker.java:215)
	at org.testng.internal.Invoker.invokeConfigurations(Invoker.java:142)
	at org.testng.TestRunner.beforeRun(TestRunner.java:656)
	at org.testng.TestRunner.run(TestRunner.java:624)
	at org.testng.SuiteRunner.runTest(SuiteRunner.java:366)
	at org.testng.SuiteRunner.runSequentially(SuiteRunner.java:361)
	at org.testng.SuiteRunner.privateRun(SuiteRunner.java:319)
	at org.testng.SuiteRunner.run(SuiteRunner.java:268)
	at org.testng.SuiteRunnerWorker.runSuite(SuiteRunnerWorker.java:52)
	at org.testng.SuiteRunnerWorker.run(SuiteRunnerWorker.java:86)
	at org.testng.TestNG.runSuitesSequentially(TestNG.java:1244)
	at org.testng.TestNG.runSuitesLocally(TestNG.java:1169)
	at org.testng.TestNG.run(TestNG.java:1064)
	at org.testng.remote.RemoteTestNG.run(RemoteTestNG.java:113)
	at org.testng.remote.RemoteTestNG.initAndRun(RemoteTestNG.java:206)
	at org.testng.remote.RemoteTestNG.main(RemoteTestNG.java:177)
]]>
            </full-stacktrace>
          </exception> <!-- java.lang.NullPointerException -->
          <reporter-output>
          </reporter-output>
        </test-method> <!-- launchApp -->
        <test-method status="SKIP" signature="verifyLogin()[pri:0, instance:testNG.Logintest@19d37183]" name="verifyLogin" duration-ms="0" started-at="2022-12-07T23:04:51Z" finished-at="2022-12-07T23:04:51Z">
          <reporter-output>
          </reporter-output>
        </test-method> <!-- verifyLogin -->
        <test-method status="SKIP" signature="closeApp()[pri:0, instance:testNG.Logintest@19d37183]" name="closeApp" is-config="true" duration-ms="0" started-at="2022-12-07T23:04:51Z" finished-at="2022-12-07T23:04:51Z">
          <reporter-output>
          </reporter-output>
        </test-method> <!-- closeApp -->
      </class> <!-- testNG.Logintest -->
    </test> <!-- EdgeTest -->
  </suite> <!-- Suite -->
</testng-results>
